2023-04-04T15:29:28.274Z
cwd: ~/Documents/_CAS3/prototype
package: govuk-prototype-kit@13.5.0
argv: /opt/homebrew/Cellar/node/19.1.0/bin/node ~/.npm/_npx/ab0cb2c39bc0319f/node_modules/.bin/govuk-prototype-kit migrate
Started [Check migration is being applied to a pre v13 prototype]
Succeeded [Check migration is being applied to a pre v13 prototype]
2023-04-04T15:29:35.583Z
cwd: ~/Documents/_CAS3/prototype
package: govuk-prototype-kit@13.5.0
argv: /opt/homebrew/Cellar/node/19.1.0/bin/node ~/Documents/_CAS3/prototype/node_modules/.bin/govuk-prototype-kit migrate -- ~/Documents/_CAS3/prototype
Started [Migrate config.js to config.json]
Started [Update application SCSS file]
Started [Deleted files that are no longer needed]
Started [Deleted directories that are no longer needed]
Started [Delete listen-on-port.js]
Started [Delete server.js]
Started [Delete start.js]
Started [Delete Procfile]
Started [Delete VERSION.txt]
Started [Delete gulpfile.js]
Started [Delete app/assets/sass/application-ie8.scss]
Started [Delete app/assets/sass/unbranded-ie8.scss]
Started [Remove unused directory docs]
Started [Remove unused directory gulp]
Started [Remove unused directory lib]
Succeeded [Migrate config.js to config.json]
Succeeded [Delete listen-on-port.js]
Succeeded [Delete server.js]
Succeeded [Delete Procfile]
Succeeded [Delete VERSION.txt]
Succeeded [Delete start.js]
Succeeded [Delete app/assets/sass/unbranded-ie8.scss]
Succeeded [Delete gulpfile.js]
Succeeded [Delete app/assets/sass/application-ie8.scss]
Succeeded [Deleted files that are no longer needed]
Found [// Add your routes here - above the module.exports line] in [app/routes.js], replacing
Started [Overwrite app/views/layout.html]
Started [Overwrite app/filters.js]
Started [Overwrite app/assets/javascripts/application.js]
Found [// Add extra styles here, or re-organise the Sass files in whichever way makes most sense to you] in [app/assets/sass/application.scss], replacing
Keeping these lines from old file
Failed [Overwrite app/views/layout.html]
Failed [Overwrite app/filters.js]
Started [Delete app/assets/images/separator-2x.png]
Copying from [node_modules/govuk-prototype-kit/prototype-starter/app/assets/javascripts/application.js] to [app/assets/javascripts/application.js]
Started [Delete app/assets/javascripts/jquery-1.11.3.js]
Started [Delete app/assets/sass/unbranded.scss]
Started [Delete app/views/includes/cookie-banner.html]
Started [Delete app/views/includes/breadcrumb_examples.html]
Started [Delete app/views/layout_unbranded.html]
Started [Delete app/assets/images/unbranded.ico]
Started [Delete app/assets/images/separator.png]
Started [Delete app/assets/sass/patterns/_contents-list.scss]
Started [Delete app/assets/sass/patterns/_mainstream-guide.scss]
Started [Delete app/assets/javascripts/auto-store-data.js]
Started [Delete app/assets/sass/patterns/_pagination.scss]
Started [Delete app/assets/sass/patterns/_related-items.scss]
Started [Delete app/assets/sass/patterns/_step-by-step-related.scss]
Keeping these lines from old file
Started [Delete app/assets/sass/patterns/_step-by-step-header.scss]
Started [Delete app/assets/sass/patterns/_task-list.scss]
Started [Delete app/assets/sass/patterns/_step-by-step-nav.scss]
Failed [Overwrite app/filters.js]
Succeeded [Remove unused directory gulp]
Failed [Delete app/assets/javascripts/auto-store-data.js]
Succeeded [Delete app/assets/images/separator-2x.png]
Succeeded [Delete app/views/includes/cookie-banner.html]
Succeeded [Delete app/views/includes/breadcrumb_examples.html]
Succeeded [Delete app/assets/images/unbranded.ico]
Succeeded [Delete app/assets/images/separator.png]
Succeeded [Delete app/views/layout_unbranded.html]
Succeeded [Delete app/assets/sass/patterns/_pagination.scss]
Succeeded [Delete app/assets/sass/patterns/_mainstream-guide.scss]
Succeeded [Delete app/assets/sass/unbranded.scss]
Succeeded [Delete app/assets/sass/patterns/_contents-list.scss]
Succeeded [Delete app/assets/sass/patterns/_step-by-step-related.scss]
Succeeded [Delete app/assets/javascripts/jquery-1.11.3.js]
Succeeded [Delete app/assets/sass/patterns/_step-by-step-nav.scss]
Succeeded [Delete app/assets/sass/patterns/_task-list.scss]
Succeeded [Delete app/assets/sass/patterns/_step-by-step-header.scss]
Succeeded [Delete app/assets/sass/patterns/_related-items.scss]
Succeeded [Update application SCSS file]
Started [Delete app/views/includes/head.html]
Started [Delete app/views/includes/scripts.html]
Failed [Delete app/views/includes/scripts.html]
//,// For guidance on how to create routes see:,// https://prototype-kit.service.gov.uk/docs/create-routes,//,,const govukPrototypeKit = require('govuk-prototype-kit'),const router = govukPrototypeKit.requests.setupRouter(),,// Add your routes here,,,module.exports = router,,// Run this code when a form is submitted to 'dtr-nop-answer',router.post('/dtr-nop-answer', function (req, res) {,,    // Make a variable and give it the value from 'how-many-balls',    var dtrNopAnswer = req.session.data['dtr-nop-answer'],  ,    // Check whether the variable matches a condition,    if (dtrNopAnswer == "yes"){,      // Send user to next page,      res.redirect('/question-follow-up-1-follow-up-1'),    } else {,      // Send user to ineligible page,      res.redirect('/question-follow-up-1-follow-up-2'),    },  ,  })
Found [module.exports = router;,module.exports = router] in [app/routes.js], removing
Succeeded [Remove unused directory lib]
Succeeded [Delete app/views/includes/head.html]
Succeeded [Update routes file]
Succeeded [Remove unused directory docs]
Succeeded [Deleted directories that are no longer needed]
Succeeded [Overwrite app/assets/javascripts/application.js]
Started [Remove old pattern includes from application SCSS file]
Succeeded [Remove old pattern includes from application SCSS file]
Started [Remove empty directory app/assets/sass/patterns]
Started [Remove empty directory app/views/includes]
Started [Remove empty directory app/assets/images]
Skipped deleting app/views/includes
Succeeded [Remove empty directory app/assets/sass/patterns]
Succeeded [Remove empty directory app/assets/images]
